{"/Users/ben/Workspace/mintere/collab/client/src/index.ts": {"path":"/Users/ben/Workspace/mintere/collab/client/src/index.ts","statementMap":{"0":{"start":{"line":1,"column":0},"end":{"line":1,"column":7}},"1":{"start":{"line":3,"column":9},"end":{"line":1,"column":64}},"2":{"start":{"line":2,"column":0},"end":{"line":2,"column":7}},"3":{"start":{"line":3,"column":29},"end":{"line":2,"column":35}},"4":{"start":{"line":5,"column":0},"end":{"line":5,"column":9}},"5":{"start":{"line":5,"column":9},"end":{"line":5,"column":33}},"6":{"start":{"line":5,"column":33},"end":{"line":5,"column":71}},"7":{"start":{"line":6,"column":0},"end":{"line":6,"column":9}},"8":{"start":{"line":6,"column":9},"end":{"line":6,"column":36}}},"fnMap":{"0":{"name":"(anonymous_1)","decl":{"start":{"line":5,"column":9},"end":{"line":5,"column":31}},"loc":{"start":{"line":5,"column":9},"end":{"line":5,"column":33}}},"1":{"name":"(anonymous_2)","decl":{"start":{"line":5,"column":33},"end":{"line":5,"column":51}},"loc":{"start":{"line":5,"column":33},"end":{"line":5,"column":71}}},"2":{"name":"(anonymous_3)","decl":{"start":{"line":6,"column":9},"end":{"line":6,"column":17}},"loc":{"start":{"line":6,"column":9},"end":{"line":6,"column":36}}}},"branchMap":{},"s":{"0":2,"1":2,"2":2,"3":2,"4":2,"5":2,"6":2,"7":2,"8":2},"f":{"0":0,"1":0,"2":0},"b":{}}
,"/Users/ben/Workspace/mintere/collab/client/src/inflight-commit.ts": {"path":"/Users/ben/Workspace/mintere/collab/client/src/inflight-commit.ts","statementMap":{"0":{"start":{"line":4,"column":0},"end":{"line":4,"column":31}},"1":{"start":{"line":5,"column":0},"end":{"line":5,"column":61}},"2":{"start":{"line":8,"column":26},"end":{"line":8,"column":28}},"3":{"start":{"line":20,"column":4},"end":{"line":20,"column":35}},"4":{"start":{"line":21,"column":4},"end":{"line":21,"column":23}},"5":{"start":{"line":22,"column":4},"end":{"line":22,"column":19}},"6":{"start":{"line":26,"column":4},"end":{"line":30,"column":6}},"7":{"start":{"line":29,"column":38},"end":{"line":29,"column":56}},"8":{"start":{"line":34,"column":16},"end":{"line":34,"column":34}},"9":{"start":{"line":36,"column":4},"end":{"line":40,"column":null}},"10":{"start":{"line":37,"column":6},"end":{"line":37,"column":43}},"11":{"start":{"line":39,"column":6},"end":{"line":39,"column":62}},"12":{"start":{"line":42,"column":4},"end":{"line":42,"column":68}},"13":{"start":{"line":42,"column":39},"end":{"line":42,"column":62}},"14":{"start":{"line":48,"column":34},"end":{"line":48,"column":59}},"15":{"start":{"line":51,"column":4},"end":{"line":51,"column":37}},"16":{"start":{"line":51,"column":30},"end":{"line":51,"column":37}},"17":{"start":{"line":52,"column":4},"end":{"line":52,"column":46}},"18":{"start":{"line":52,"column":39},"end":{"line":52,"column":46}},"19":{"start":{"line":54,"column":26},"end":{"line":54,"column":61}},"20":{"start":{"line":55,"column":4},"end":{"line":55,"column":67}},"21":{"start":{"line":57,"column":4},"end":{"line":60,"column":6}},"22":{"start":{"line":62,"column":4},"end":{"line":62,"column":32}},"23":{"start":{"line":10,"column":0},"end":{"line":10,"column":13}}},"fnMap":{"0":{"name":"(anonymous_1)","decl":{"start":{"line":15,"column":2},"end":{"line":15,"column":null}},"loc":{"start":{"line":18,"column":36},"end":{"line":23,"column":3}}},"1":{"name":"(anonymous_2)","decl":{"start":{"line":25,"column":2},"end":{"line":25,"column":10}},"loc":{"start":{"line":25,"column":10},"end":{"line":31,"column":3}}},"2":{"name":"(anonymous_3)","decl":{"start":{"line":29,"column":28},"end":{"line":29,"column":29}},"loc":{"start":{"line":29,"column":38},"end":{"line":29,"column":56}}},"3":{"name":"(anonymous_4)","decl":{"start":{"line":33,"column":2},"end":{"line":33,"column":8}},"loc":{"start":{"line":33,"column":18},"end":{"line":43,"column":3}}},"4":{"name":"(anonymous_5)","decl":{"start":{"line":42,"column":24},"end":{"line":42,"column":25}},"loc":{"start":{"line":42,"column":39},"end":{"line":42,"column":62}}},"5":{"name":"(anonymous_6)","decl":{"start":{"line":45,"column":2},"end":{"line":45,"column":8}},"loc":{"start":{"line":46,"column":31},"end":{"line":63,"column":3}}}},"branchMap":{"0":{"loc":{"start":{"line":18,"column":10},"end":{"line":18,"column":36}},"type":"default-arg","locations":[{"start":{"line":18,"column":10},"end":{"line":18,"column":36}}]},"1":{"loc":{"start":{"line":36,"column":4},"end":{"line":40,"column":null}},"type":"if","locations":[{"start":{"line":36,"column":4},"end":{"line":40,"column":null}},{"start":{"line":36,"column":4},"end":{"line":40,"column":null}}]},"2":{"loc":{"start":{"line":51,"column":4},"end":{"line":51,"column":37}},"type":"if","locations":[{"start":{"line":51,"column":4},"end":{"line":51,"column":37}},{"start":{"line":51,"column":4},"end":{"line":51,"column":37}}]},"3":{"loc":{"start":{"line":52,"column":4},"end":{"line":52,"column":46}},"type":"if","locations":[{"start":{"line":52,"column":4},"end":{"line":52,"column":46}},{"start":{"line":52,"column":4},"end":{"line":52,"column":46}}]}},"s":{"0":2,"1":2,"2":2,"3":8,"4":8,"5":8,"6":2,"7":2,"8":4,"9":4,"10":0,"11":4,"12":4,"13":32,"14":6,"15":6,"16":1,"17":5,"18":1,"19":4,"20":4,"21":4,"22":4,"23":2},"f":{"0":8,"1":2,"2":2,"3":4,"4":32,"5":6},"b":{"0":[4],"1":[0,4],"2":[1,5],"3":[1,4]}}
,"/Users/ben/Workspace/mintere/collab/client/src/mapping.ts": {"path":"/Users/ben/Workspace/mintere/collab/client/src/mapping.ts","statementMap":{"0":{"start":{"line":2,"column":0},"end":{"line":2,"column":58}},"1":{"start":{"line":5,"column":0},"end":{"line":5,"column":37}},"2":{"start":{"line":15,"column":33},"end":{"line":15,"column":46}},"3":{"start":{"line":16,"column":2},"end":{"line":16,"column":76}},"4":{"start":{"line":18,"column":2},"end":{"line":24,"column":null}},"5":{"start":{"line":19,"column":4},"end":{"line":19,"column":72}},"6":{"start":{"line":21,"column":4},"end":{"line":23,"column":19}},"7":{"start":{"line":22,"column":6},"end":{"line":22,"column":19}},"8":{"start":{"line":23,"column":11},"end":{"line":23,"column":19}},"9":{"start":{"line":11,"column":0},"end":{"line":11,"column":16}},"10":{"start":{"line":31,"column":22},"end":{"line":31,"column":47}},"11":{"start":{"line":32,"column":15},"end":{"line":32,"column":50}},"12":{"start":{"line":34,"column":2},"end":{"line":36,"column":17}},"13":{"start":{"line":36,"column":4},"end":{"line":36,"column":17}},"14":{"start":{"line":38,"column":18},"end":{"line":38,"column":31}},"15":{"start":{"line":40,"column":2},"end":{"line":41,"column":63}},"16":{"start":{"line":41,"column":4},"end":{"line":41,"column":63}},"17":{"start":{"line":43,"column":2},"end":{"line":43,"column":53}},"18":{"start":{"line":45,"column":2},"end":{"line":45,"column":17}},"19":{"start":{"line":27,"column":0},"end":{"line":27,"column":16}}},"fnMap":{"0":{"name":"mapBackToSyncedVersion","decl":{"start":{"line":11,"column":16},"end":{"line":11,"column":38}},"loc":{"start":{"line":13,"column":10},"end":{"line":25,"column":1}}},"1":{"name":"mappingFromVersion","decl":{"start":{"line":27,"column":16},"end":{"line":27,"column":34}},"loc":{"start":{"line":29,"column":17},"end":{"line":46,"column":1}}}},"branchMap":{"0":{"loc":{"start":{"line":21,"column":4},"end":{"line":23,"column":19}},"type":"if","locations":[{"start":{"line":21,"column":4},"end":{"line":23,"column":19}},{"start":{"line":21,"column":4},"end":{"line":23,"column":19}}]},"1":{"loc":{"start":{"line":34,"column":2},"end":{"line":36,"column":17}},"type":"if","locations":[{"start":{"line":34,"column":2},"end":{"line":36,"column":17}},{"start":{"line":34,"column":2},"end":{"line":36,"column":17}}]}},"s":{"0":2,"1":2,"2":0,"3":0,"4":0,"5":0,"6":0,"7":0,"8":0,"9":2,"10":0,"11":0,"12":0,"13":0,"14":0,"15":0,"16":0,"17":0,"18":0,"19":2},"f":{"0":0,"1":0},"b":{"0":[0,0],"1":[0,0]}}
,"/Users/ben/Workspace/mintere/collab/client/src/network.ts": {"path":"/Users/ben/Workspace/mintere/collab/client/src/network.ts","statementMap":{"0":{"start":{"line":1,"column":0},"end":{"line":1,"column":58}},"1":{"start":{"line":57,"column":10},"end":{"line":57,"column":33}},"2":{"start":{"line":127,"column":10},"end":{"line":127,"column":34}},"3":{"start":{"line":145,"column":10},"end":{"line":145,"column":34}},"4":{"start":{"line":86,"column":4},"end":{"line":86,"column":27}},"5":{"start":{"line":87,"column":4},"end":{"line":87,"column":31}},"6":{"start":{"line":89,"column":4},"end":{"line":91,"column":7}},"7":{"start":{"line":90,"column":6},"end":{"line":90,"column":38}},"8":{"start":{"line":93,"column":4},"end":{"line":93,"column":44}},"9":{"start":{"line":95,"column":4},"end":{"line":95,"column":50}},"10":{"start":{"line":96,"column":4},"end":{"line":96,"column":56}},"11":{"start":{"line":71,"column":4},"end":{"line":71,"column":50}},"12":{"start":{"line":100,"column":4},"end":{"line":124,"column":null}},"13":{"start":{"line":101,"column":6},"end":{"line":121,"column":9}},"14":{"start":{"line":105,"column":12},"end":{"line":105,"column":40}},"15":{"start":{"line":106,"column":12},"end":{"line":117,"column":null}},"16":{"start":{"line":107,"column":14},"end":{"line":107,"column":54}},"17":{"start":{"line":109,"column":14},"end":{"line":109,"column":58}},"18":{"start":{"line":110,"column":14},"end":{"line":116,"column":16}},"19":{"start":{"line":119,"column":35},"end":{"line":119,"column":62}},"20":{"start":{"line":123,"column":6},"end":{"line":123,"column":32}},"21":{"start":{"line":130,"column":4},"end":{"line":130,"column":37}},"22":{"start":{"line":130,"column":30},"end":{"line":130,"column":37}},"23":{"start":{"line":131,"column":4},"end":{"line":131,"column":32}},"24":{"start":{"line":133,"column":4},"end":{"line":142,"column":7}},"25":{"start":{"line":134,"column":6},"end":{"line":141,"column":35}},"26":{"start":{"line":135,"column":8},"end":{"line":135,"column":37}},"27":{"start":{"line":137,"column":31},"end":{"line":137,"column":68}},"28":{"start":{"line":138,"column":8},"end":{"line":138,"column":72}},"29":{"start":{"line":138,"column":28},"end":{"line":138,"column":72}},"30":{"start":{"line":140,"column":8},"end":{"line":140,"column":14}},"31":{"start":{"line":148,"column":4},"end":{"line":148,"column":37}},"32":{"start":{"line":148,"column":30},"end":{"line":148,"column":37}},"33":{"start":{"line":149,"column":4},"end":{"line":149,"column":32}},"34":{"start":{"line":151,"column":4},"end":{"line":158,"column":30}},"35":{"start":{"line":152,"column":6},"end":{"line":152,"column":35}},"36":{"start":{"line":154,"column":6},"end":{"line":154,"column":52}},"37":{"start":{"line":154,"column":31},"end":{"line":154,"column":52}},"38":{"start":{"line":156,"column":29},"end":{"line":156,"column":63}},"39":{"start":{"line":157,"column":6},"end":{"line":157,"column":65}},"40":{"start":{"line":157,"column":26},"end":{"line":157,"column":65}},"41":{"start":{"line":162,"column":4},"end":{"line":162,"column":33}},"42":{"start":{"line":163,"column":4},"end":{"line":163,"column":56}},"43":{"start":{"line":163,"column":39},"end":{"line":163,"column":54}},"44":{"start":{"line":56,"column":0},"end":{"line":56,"column":13}}},"fnMap":{"0":{"name":"(anonymous_1)","decl":{"start":{"line":77,"column":2},"end":{"line":77,"column":null}},"loc":{"start":{"line":84,"column":5},"end":{"line":97,"column":3}}},"1":{"name":"(anonymous_2)","decl":{"start":{"line":89,"column":64},"end":{"line":89,"column":65}},"loc":{"start":{"line":89,"column":75},"end":{"line":91,"column":5}}},"2":{"name":"(anonymous_3)","decl":{"start":{"line":68,"column":2},"end":{"line":68,"column":13}},"loc":{"start":{"line":68,"column":13},"end":{"line":72,"column":3}}},"3":{"name":"(anonymous_4)","decl":{"start":{"line":99,"column":2},"end":{"line":99,"column":7}},"loc":{"start":{"line":99,"column":15},"end":{"line":125,"column":3}}},"4":{"name":"(anonymous_5)","decl":{"start":{"line":104,"column":24},"end":{"line":104,"column":25}},"loc":{"start":{"line":104,"column":42},"end":{"line":118,"column":11}}},"5":{"name":"(anonymous_6)","decl":{"start":{"line":119,"column":28},"end":{"line":119,"column":29}},"loc":{"start":{"line":119,"column":35},"end":{"line":119,"column":62}}},"6":{"name":"(anonymous_7)","decl":{"start":{"line":129,"column":2},"end":{"line":129,"column":15}},"loc":{"start":{"line":129,"column":15},"end":{"line":143,"column":3}}},"7":{"name":"(anonymous_8)","decl":{"start":{"line":133,"column":23},"end":{"line":133,"column":24}},"loc":{"start":{"line":133,"column":31},"end":{"line":142,"column":5}}},"8":{"name":"(anonymous_9)","decl":{"start":{"line":134,"column":17},"end":{"line":134,"column":22}},"loc":{"start":{"line":134,"column":28},"end":{"line":141,"column":7}}},"9":{"name":"(anonymous_10)","decl":{"start":{"line":147,"column":2},"end":{"line":147,"column":8}},"loc":{"start":{"line":147,"column":8},"end":{"line":159,"column":3}}},"10":{"name":"(anonymous_11)","decl":{"start":{"line":151,"column":15},"end":{"line":151,"column":18}},"loc":{"start":{"line":151,"column":20},"end":{"line":158,"column":5}}},"11":{"name":"(anonymous_12)","decl":{"start":{"line":161,"column":2},"end":{"line":161,"column":7}},"loc":{"start":{"line":161,"column":7},"end":{"line":164,"column":3}}},"12":{"name":"(anonymous_13)","decl":{"start":{"line":163,"column":32},"end":{"line":163,"column":33}},"loc":{"start":{"line":163,"column":39},"end":{"line":163,"column":54}}}},"branchMap":{"0":{"loc":{"start":{"line":106,"column":12},"end":{"line":117,"column":null}},"type":"if","locations":[{"start":{"line":106,"column":12},"end":{"line":117,"column":null}},{"start":{"line":106,"column":12},"end":{"line":117,"column":null}}]},"1":{"loc":{"start":{"line":106,"column":16},"end":{"line":106,"column":36}},"type":"binary-expr","locations":[{"start":{"line":106,"column":16},"end":{"line":106,"column":36}},{"start":{"line":106,"column":40},"end":{"line":106,"column":54}}]},"2":{"loc":{"start":{"line":112,"column":20},"end":{"line":114,"column":35}},"type":"cond-expr","locations":[{"start":{"line":112,"column":20},"end":{"line":114,"column":35}},{"start":{"line":115,"column":20},"end":{"line":115,"column":29}}]},"3":{"loc":{"start":{"line":113,"column":22},"end":{"line":113,"column":70}},"type":"cond-expr","locations":[{"start":{"line":113,"column":22},"end":{"line":113,"column":70}},{"start":{"line":114,"column":22},"end":{"line":114,"column":35}}]},"4":{"loc":{"start":{"line":130,"column":4},"end":{"line":130,"column":37}},"type":"if","locations":[{"start":{"line":130,"column":4},"end":{"line":130,"column":37}},{"start":{"line":130,"column":4},"end":{"line":130,"column":37}}]},"5":{"loc":{"start":{"line":138,"column":8},"end":{"line":138,"column":72}},"type":"if","locations":[{"start":{"line":138,"column":8},"end":{"line":138,"column":72}},{"start":{"line":138,"column":8},"end":{"line":138,"column":72}}]},"6":{"loc":{"start":{"line":138,"column":43},"end":{"line":138,"column":45}},"type":"cond-expr","locations":[{"start":{"line":138,"column":43},"end":{"line":138,"column":45}},{"start":{"line":138,"column":43},"end":{"line":138,"column":72}}]},"7":{"loc":{"start":{"line":138,"column":28},"end":{"line":138,"column":45}},"type":"binary-expr","locations":[{"start":{"line":138,"column":28},"end":{"line":138,"column":45}},{"start":{"line":138,"column":43},"end":{"line":138,"column":45}}]},"8":{"loc":{"start":{"line":148,"column":4},"end":{"line":148,"column":37}},"type":"if","locations":[{"start":{"line":148,"column":4},"end":{"line":148,"column":37}},{"start":{"line":148,"column":4},"end":{"line":148,"column":37}}]},"9":{"loc":{"start":{"line":154,"column":6},"end":{"line":154,"column":52}},"type":"if","locations":[{"start":{"line":154,"column":6},"end":{"line":154,"column":52}},{"start":{"line":154,"column":6},"end":{"line":154,"column":52}}]},"10":{"loc":{"start":{"line":157,"column":6},"end":{"line":157,"column":65}},"type":"if","locations":[{"start":{"line":157,"column":6},"end":{"line":157,"column":65}},{"start":{"line":157,"column":6},"end":{"line":157,"column":65}}]},"11":{"loc":{"start":{"line":163,"column":40},"end":{"line":163,"column":42}},"type":"cond-expr","locations":[{"start":{"line":163,"column":40},"end":{"line":163,"column":42}},{"start":{"line":163,"column":39},"end":{"line":163,"column":54}}]},"12":{"loc":{"start":{"line":163,"column":39},"end":{"line":163,"column":42}},"type":"binary-expr","locations":[{"start":{"line":163,"column":39},"end":{"line":163,"column":42}},{"start":{"line":163,"column":39},"end":{"line":163,"column":42}}]}},"s":{"0":2,"1":0,"2":0,"3":0,"4":0,"5":0,"6":0,"7":0,"8":0,"9":0,"10":0,"11":0,"12":0,"13":0,"14":0,"15":0,"16":0,"17":0,"18":0,"19":0,"20":0,"21":0,"22":0,"23":0,"24":0,"25":0,"26":0,"27":0,"28":0,"29":0,"30":0,"31":0,"32":0,"33":0,"34":0,"35":0,"36":0,"37":0,"38":0,"39":0,"40":0,"41":0,"42":0,"43":0,"44":2},"f":{"0":0,"1":0,"2":0,"3":0,"4":0,"5":0,"6":0,"7":0,"8":0,"9":0,"10":0,"11":0,"12":0},"b":{"0":[0,0],"1":[0,0],"2":[0,0],"3":[0,0],"4":[0,0],"5":[0,0],"6":[0,0],"7":[0,0],"8":[0,0],"9":[0,0],"10":[0,0],"11":[0,0],"12":[0,0]}}
,"/Users/ben/Workspace/mintere/collab/client/src/plugin-key.ts": {"path":"/Users/ben/Workspace/mintere/collab/client/src/plugin-key.ts","statementMap":{"0":{"start":{"line":1,"column":0},"end":{"line":1,"column":46}},"1":{"start":{"line":2,"column":13},"end":{"line":2,"column":55}},"2":{"start":{"line":3,"column":0},"end":{"line":3,"column":25}}},"fnMap":{},"branchMap":{},"s":{"0":2,"1":2,"2":2},"f":{},"b":{}}
,"/Users/ben/Workspace/mintere/collab/client/src/plugin.ts": {"path":"/Users/ben/Workspace/mintere/collab/client/src/plugin.ts","statementMap":{"0":{"start":{"line":2,"column":0},"end":{"line":2,"column":43}},"1":{"start":{"line":4,"column":0},"end":{"line":4,"column":48}},"2":{"start":{"line":5,"column":0},"end":{"line":5,"column":51}},"3":{"start":{"line":6,"column":0},"end":{"line":6,"column":51}},"4":{"start":{"line":7,"column":0},"end":{"line":7,"column":64}},"5":{"start":{"line":8,"column":0},"end":{"line":8,"column":48}},"6":{"start":{"line":9,"column":0},"end":{"line":9,"column":65}},"7":{"start":{"line":10,"column":0},"end":{"line":10,"column":60}},"8":{"start":{"line":13,"column":2},"end":{"line":15,"column":4}},"9":{"start":{"line":12,"column":0},"end":{"line":12,"column":16}},"10":{"start":{"line":56,"column":4},"end":{"line":144,"column":37}},"11":{"start":{"line":59,"column":35},"end":{"line":66,"column":10}},"12":{"start":{"line":68,"column":47},"end":{"line":68,"column":62}},"13":{"start":{"line":69,"column":10},"end":{"line":79,"column":null}},"14":{"start":{"line":70,"column":12},"end":{"line":70,"column":36}},"15":{"start":{"line":72,"column":12},"end":{"line":78,"column":null}},"16":{"start":{"line":73,"column":14},"end":{"line":73,"column":69}},"17":{"start":{"line":74,"column":14},"end":{"line":74,"column":62}},"18":{"start":{"line":75,"column":14},"end":{"line":77,"column":16}},"19":{"start":{"line":81,"column":10},"end":{"line":82,"column":47}},"20":{"start":{"line":82,"column":12},"end":{"line":82,"column":47}},"21":{"start":{"line":84,"column":10},"end":{"line":84,"column":23}},"22":{"start":{"line":88,"column":24},"end":{"line":122,"column":null}},"23":{"start":{"line":94,"column":25},"end":{"line":94,"column":69}},"24":{"start":{"line":95,"column":14},"end":{"line":95,"column":32}},"25":{"start":{"line":98,"column":37},"end":{"line":98,"column":73}},"26":{"start":{"line":99,"column":14},"end":{"line":99,"column":67}},"27":{"start":{"line":99,"column":34},"end":{"line":99,"column":67}},"28":{"start":{"line":102,"column":34},"end":{"line":102,"column":58}},"29":{"start":{"line":103,"column":32},"end":{"line":105,"column":null}},"30":{"start":{"line":108,"column":14},"end":{"line":115,"column":null}},"31":{"start":{"line":109,"column":16},"end":{"line":109,"column":58}},"32":{"start":{"line":110,"column":16},"end":{"line":114,"column":18}},"33":{"start":{"line":125,"column":42},"end":{"line":131,"column":9}},"34":{"start":{"line":126,"column":10},"end":{"line":130,"column":null}},"35":{"start":{"line":127,"column":32},"end":{"line":127,"column":55}},"36":{"start":{"line":128,"column":12},"end":{"line":128,"column":37}},"37":{"start":{"line":128,"column":30},"end":{"line":128,"column":37}},"38":{"start":{"line":129,"column":12},"end":{"line":129,"column":30}},"39":{"start":{"line":133,"column":8},"end":{"line":141,"column":10}},"40":{"start":{"line":135,"column":12},"end":{"line":135,"column":29}},"41":{"start":{"line":136,"column":12},"end":{"line":136,"column":28}},"42":{"start":{"line":139,"column":12},"end":{"line":139,"column":28}},"43":{"start":{"line":152,"column":2},"end":{"line":152,"column":49}},"44":{"start":{"line":148,"column":0},"end":{"line":148,"column":24}}},"fnMap":{"0":{"name":"isSynced","decl":{"start":{"line":12,"column":16},"end":{"line":12,"column":24}},"loc":{"start":{"line":12,"column":49},"end":{"line":16,"column":1}}},"1":{"name":"(anonymous_1)","decl":{"start":{"line":55,"column":2},"end":{"line":55,"column":14}},"loc":{"start":{"line":55,"column":64},"end":{"line":145,"column":3}}},"2":{"name":"(anonymous_2)","decl":{"start":{"line":59,"column":14},"end":{"line":59,"column":15}},"loc":{"start":{"line":59,"column":35},"end":{"line":66,"column":10}}},"3":{"name":"(anonymous_3)","decl":{"start":{"line":67,"column":8},"end":{"line":67,"column":13}},"loc":{"start":{"line":67,"column":26},"end":{"line":85,"column":9}}},"4":{"name":"(anonymous_4)","decl":{"start":{"line":87,"column":6},"end":{"line":87,"column":10}},"loc":{"start":{"line":87,"column":15},"end":{"line":142,"column":7}}},"5":{"name":"(anonymous_5)","decl":{"start":{"line":93,"column":12},"end":{"line":93,"column":25}},"loc":{"start":{"line":93,"column":32},"end":{"line":96,"column":13}}},"6":{"name":"(anonymous_6)","decl":{"start":{"line":97,"column":12},"end":{"line":97,"column":29}},"loc":{"start":{"line":97,"column":29},"end":{"line":100,"column":13}}},"7":{"name":"(anonymous_7)","decl":{"start":{"line":101,"column":12},"end":{"line":101,"column":32}},"loc":{"start":{"line":101,"column":32},"end":{"line":116,"column":13}}},"8":{"name":"(anonymous_8)","decl":{"start":{"line":125,"column":42},"end":{"line":125,"column":47}},"loc":{"start":{"line":125,"column":53},"end":{"line":131,"column":9}}},"9":{"name":"(anonymous_9)","decl":{"start":{"line":134,"column":10},"end":{"line":134,"column":16}},"loc":{"start":{"line":134,"column":18},"end":{"line":137,"column":11}}},"10":{"name":"(anonymous_10)","decl":{"start":{"line":138,"column":10},"end":{"line":138,"column":15}},"loc":{"start":{"line":138,"column":23},"end":{"line":140,"column":11}}},"11":{"name":"railsCollab","decl":{"start":{"line":148,"column":24},"end":{"line":148,"column":35}},"loc":{"start":{"line":150,"column":21},"end":{"line":153,"column":1}}}},"branchMap":{"0":{"loc":{"start":{"line":14,"column":4},"end":{"line":14,"column":38}},"type":"binary-expr","locations":[{"start":{"line":14,"column":4},"end":{"line":14,"column":38}},{"start":{"line":14,"column":42},"end":{"line":14,"column":76}}]},"1":{"loc":{"start":{"line":69,"column":10},"end":{"line":79,"column":null}},"type":"if","locations":[{"start":{"line":69,"column":10},"end":{"line":79,"column":null}},{"start":{"line":69,"column":10},"end":{"line":79,"column":null}}]},"2":{"loc":{"start":{"line":72,"column":12},"end":{"line":78,"column":null}},"type":"if","locations":[{"start":{"line":72,"column":12},"end":{"line":78,"column":null}},{"start":{"line":72,"column":12},"end":{"line":78,"column":null}}]},"3":{"loc":{"start":{"line":81,"column":10},"end":{"line":82,"column":47}},"type":"if","locations":[{"start":{"line":81,"column":10},"end":{"line":82,"column":47}},{"start":{"line":81,"column":10},"end":{"line":82,"column":47}}]},"4":{"loc":{"start":{"line":81,"column":14},"end":{"line":81,"column":32}},"type":"binary-expr","locations":[{"start":{"line":81,"column":14},"end":{"line":81,"column":32}},{"start":{"line":81,"column":36},"end":{"line":81,"column":51}}]},"5":{"loc":{"start":{"line":99,"column":14},"end":{"line":99,"column":67}},"type":"if","locations":[{"start":{"line":99,"column":14},"end":{"line":99,"column":67}},{"start":{"line":99,"column":14},"end":{"line":99,"column":67}}]},"6":{"loc":{"start":{"line":108,"column":14},"end":{"line":115,"column":null}},"type":"if","locations":[{"start":{"line":108,"column":14},"end":{"line":115,"column":null}},{"start":{"line":108,"column":14},"end":{"line":115,"column":null}}]},"7":{"loc":{"start":{"line":120,"column":55},"end":{"line":120,"column":73}},"type":"cond-expr","locations":[{"start":{"line":120,"column":55},"end":{"line":120,"column":73}},{"start":{"line":120,"column":76},"end":{"line":120,"column":79}}]},"8":{"loc":{"start":{"line":121,"column":30},"end":{"line":121,"column":51}},"type":"binary-expr","locations":[{"start":{"line":121,"column":30},"end":{"line":121,"column":51}},{"start":{"line":121,"column":55},"end":{"line":121,"column":58}}]},"9":{"loc":{"start":{"line":128,"column":12},"end":{"line":128,"column":37}},"type":"if","locations":[{"start":{"line":128,"column":12},"end":{"line":128,"column":37}},{"start":{"line":128,"column":12},"end":{"line":128,"column":37}}]}},"s":{"0":2,"1":2,"2":2,"3":2,"4":2,"5":2,"6":2,"7":2,"8":0,"9":2,"10":2,"11":2,"12":6,"13":6,"14":6,"15":6,"16":6,"17":6,"18":6,"19":6,"20":0,"21":6,"22":0,"23":0,"24":0,"25":0,"26":0,"27":0,"28":0,"29":0,"30":0,"31":0,"32":0,"33":0,"34":0,"35":0,"36":0,"37":0,"38":0,"39":0,"40":0,"41":0,"42":0,"43":2,"44":2},"f":{"0":0,"1":2,"2":2,"3":6,"4":0,"5":0,"6":0,"7":0,"8":0,"9":0,"10":0,"11":2},"b":{"0":[0,0],"1":[6,0],"2":[6,0],"3":[0,6],"4":[6,0],"5":[0,0],"6":[0,0],"7":[0,0],"8":[0,0],"9":[0,0]}}
,"/Users/ben/Workspace/mintere/collab/client/src/rebaseable.ts": {"path":"/Users/ben/Workspace/mintere/collab/client/src/rebaseable.ts","statementMap":{"0":{"start":{"line":10,"column":4},"end":{"line":10,"column":21}},"1":{"start":{"line":11,"column":4},"end":{"line":11,"column":29}},"2":{"start":{"line":15,"column":4},"end":{"line":15,"column":43}},"3":{"start":{"line":5,"column":0},"end":{"line":5,"column":13}},"4":{"start":{"line":19,"column":21},"end":{"line":19,"column":73}},"5":{"start":{"line":19,"column":47},"end":{"line":19,"column":73}},"6":{"start":{"line":38,"column":18},"end":{"line":38,"column":44}},"7":{"start":{"line":39,"column":2},"end":{"line":42,"column":6}},"8":{"start":{"line":40,"column":4},"end":{"line":42,"column":6}},"9":{"start":{"line":43,"column":2},"end":{"line":43,"column":48}},"10":{"start":{"line":46,"column":2},"end":{"line":46,"column":73}},"11":{"start":{"line":46,"column":15},"end":{"line":46,"column":31}},"12":{"start":{"line":46,"column":46},"end":{"line":46,"column":73}},"13":{"start":{"line":48,"column":26},"end":{"line":48,"column":45}},"14":{"start":{"line":50,"column":2},"end":{"line":50,"column":9}},"15":{"start":{"line":52,"column":2},"end":{"line":67,"column":26}},"16":{"start":{"line":54,"column":26},"end":{"line":54,"column":45}},"17":{"start":{"line":55,"column":26},"end":{"line":55,"column":41}},"18":{"start":{"line":56,"column":28},"end":{"line":56,"column":34}},"19":{"start":{"line":58,"column":32},"end":{"line":58,"column":65}},"20":{"start":{"line":60,"column":6},"end":{"line":60,"column":42}},"21":{"start":{"line":61,"column":6},"end":{"line":61,"column":60}},"22":{"start":{"line":61,"column":53},"end":{"line":61,"column":60}},"23":{"start":{"line":63,"column":7},"end":{"line":63,"column":62}},"24":{"start":{"line":65,"column":6},"end":{"line":65,"column":49}},"25":{"start":{"line":32,"column":0},"end":{"line":32,"column":16}},"26":{"start":{"line":71,"column":2},"end":{"line":73,"column":4}},"27":{"start":{"line":72,"column":17},"end":{"line":72,"column":56}},"28":{"start":{"line":70,"column":0},"end":{"line":70,"column":16}},"29":{"start":{"line":79,"column":13},"end":{"line":79,"column":26}},"30":{"start":{"line":80,"column":2},"end":{"line":80,"column":45}},"31":{"start":{"line":80,"column":35},"end":{"line":80,"column":45}},"32":{"start":{"line":82,"column":20},"end":{"line":82,"column":26}},"33":{"start":{"line":83,"column":2},"end":{"line":93,"column":null}},"34":{"start":{"line":84,"column":17},"end":{"line":84,"column":48}},"35":{"start":{"line":86,"column":19},"end":{"line":86,"column":45}},"36":{"start":{"line":88,"column":4},"end":{"line":92,"column":null}},"37":{"start":{"line":89,"column":6},"end":{"line":89,"column":78}},"38":{"start":{"line":91,"column":6},"end":{"line":91,"column":27}},"39":{"start":{"line":95,"column":2},"end":{"line":95,"column":19}},"40":{"start":{"line":76,"column":0},"end":{"line":76,"column":16}}},"fnMap":{"0":{"name":"(anonymous_0)","decl":{"start":{"line":9,"column":2},"end":{"line":9,"column":14}},"loc":{"start":{"line":9,"column":46},"end":{"line":12,"column":3}}},"1":{"name":"(anonymous_1)","decl":{"start":{"line":14,"column":2},"end":{"line":14,"column":6}},"loc":{"start":{"line":14,"column":14},"end":{"line":16,"column":3}}},"2":{"name":"(anonymous_2)","decl":{"start":{"line":19,"column":21},"end":{"line":19,"column":25}},"loc":{"start":{"line":19,"column":47},"end":{"line":19,"column":73}}},"3":{"name":"rebaseSteps","decl":{"start":{"line":32,"column":16},"end":{"line":32,"column":27}},"loc":{"start":{"line":35,"column":18},"end":{"line":68,"column":1}}},"4":{"name":"(anonymous_4)","decl":{"start":{"line":53,"column":9},"end":{"line":53,"column":10}},"loc":{"start":{"line":53,"column":25},"end":{"line":66,"column":5}}},"5":{"name":"transformToRebaseable","decl":{"start":{"line":70,"column":16},"end":{"line":70,"column":37}},"loc":{"start":{"line":70,"column":58},"end":{"line":74,"column":1}}},"6":{"name":"(anonymous_6)","decl":{"start":{"line":72,"column":4},"end":{"line":72,"column":5}},"loc":{"start":{"line":72,"column":17},"end":{"line":72,"column":56}}},"7":{"name":"compactRebaseable","decl":{"start":{"line":76,"column":16},"end":{"line":76,"column":33}},"loc":{"start":{"line":77,"column":24},"end":{"line":96,"column":1}}}},"branchMap":{"0":{"loc":{"start":{"line":38,"column":18},"end":{"line":38,"column":39}},"type":"binary-expr","locations":[{"start":{"line":38,"column":18},"end":{"line":38,"column":39}},{"start":{"line":38,"column":43},"end":{"line":38,"column":44}}]},"1":{"loc":{"start":{"line":39,"column":2},"end":{"line":42,"column":6}},"type":"if","locations":[{"start":{"line":39,"column":2},"end":{"line":42,"column":6}},{"start":{"line":39,"column":2},"end":{"line":42,"column":6}}]},"2":{"loc":{"start":{"line":61,"column":6},"end":{"line":61,"column":60}},"type":"if","locations":[{"start":{"line":61,"column":6},"end":{"line":61,"column":60}},{"start":{"line":61,"column":6},"end":{"line":61,"column":60}}]},"3":{"loc":{"start":{"line":61,"column":10},"end":{"line":61,"column":22}},"type":"binary-expr","locations":[{"start":{"line":61,"column":10},"end":{"line":61,"column":22}},{"start":{"line":61,"column":26},"end":{"line":61,"column":51}}]},"4":{"loc":{"start":{"line":80,"column":2},"end":{"line":80,"column":45}},"type":"if","locations":[{"start":{"line":80,"column":2},"end":{"line":80,"column":45}},{"start":{"line":80,"column":2},"end":{"line":80,"column":45}}]},"5":{"loc":{"start":{"line":88,"column":4},"end":{"line":92,"column":null}},"type":"if","locations":[{"start":{"line":88,"column":4},"end":{"line":92,"column":null}},{"start":{"line":88,"column":4},"end":{"line":92,"column":null}}]}},"s":{"0":17,"1":17,"2":4,"3":2,"4":2,"5":4,"6":6,"7":6,"8":0,"9":6,"10":6,"11":6,"12":4,"13":6,"14":6,"15":6,"16":4,"17":4,"18":4,"19":4,"20":4,"21":4,"22":0,"23":4,"24":4,"25":2,"26":6,"27":8,"28":2,"29":4,"30":4,"31":0,"32":4,"33":4,"34":1,"35":1,"36":1,"37":1,"38":0,"39":4,"40":2},"f":{"0":17,"1":4,"2":4,"3":6,"4":4,"5":6,"6":8,"7":4},"b":{"0":[6,5],"1":[0,6],"2":[0,4],"3":[4,4],"4":[0,4],"5":[1,0]}}
,"/Users/ben/Workspace/mintere/collab/client/src/receive-commit.ts": {"path":"/Users/ben/Workspace/mintere/collab/client/src/receive-commit.ts","statementMap":{"0":{"start":{"line":3,"column":0},"end":{"line":3,"column":54}},"1":{"start":{"line":6,"column":0},"end":{"line":6,"column":31}},"2":{"start":{"line":7,"column":0},"end":{"line":7,"column":43}},"3":{"start":{"line":8,"column":0},"end":{"line":8,"column":51}},"4":{"start":{"line":15,"column":18},"end":{"line":15,"column":31}},"5":{"start":{"line":16,"column":2},"end":{"line":20,"column":null}},"6":{"start":{"line":17,"column":17},"end":{"line":17,"column":48}},"7":{"start":{"line":18,"column":4},"end":{"line":18,"column":18}},"8":{"start":{"line":19,"column":4},"end":{"line":19,"column":37}},"9":{"start":{"line":21,"column":2},"end":{"line":21,"column":17}},"10":{"start":{"line":24,"column":27},"end":{"line":24,"column":30}},"11":{"start":{"line":30,"column":13},"end":{"line":30,"column":27}},"12":{"start":{"line":31,"column":13},"end":{"line":31,"column":64}},"13":{"start":{"line":33,"column":2},"end":{"line":33,"column":25}},"14":{"start":{"line":34,"column":2},"end":{"line":34,"column":36}},"15":{"start":{"line":36,"column":33},"end":{"line":36,"column":46}},"16":{"start":{"line":40,"column":2},"end":{"line":40,"column":27}},"17":{"start":{"line":42,"column":2},"end":{"line":77,"column":5}},"18":{"start":{"line":43,"column":4},"end":{"line":76,"column":null}},"19":{"start":{"line":44,"column":6},"end":{"line":71,"column":null}},"20":{"start":{"line":46,"column":8},"end":{"line":48,"column":10}},"21":{"start":{"line":47,"column":55},"end":{"line":47,"column":68}},"22":{"start":{"line":50,"column":8},"end":{"line":50,"column":41}},"23":{"start":{"line":52,"column":8},"end":{"line":52,"column":37}},"24":{"start":{"line":55,"column":29},"end":{"line":60,"column":10}},"25":{"start":{"line":57,"column":10},"end":{"line":57,"column":75}},"26":{"start":{"line":59,"column":10},"end":{"line":59,"column":39}},"27":{"start":{"line":63,"column":8},"end":{"line":64,"column":51}},"28":{"start":{"line":64,"column":10},"end":{"line":64,"column":51}},"29":{"start":{"line":66,"column":8},"end":{"line":70,"column":10}},"30":{"start":{"line":74,"column":6},"end":{"line":74,"column":71}},"31":{"start":{"line":75,"column":6},"end":{"line":75,"column":35}},"32":{"start":{"line":79,"column":2},"end":{"line":80,"column":45}},"33":{"start":{"line":80,"column":4},"end":{"line":80,"column":45}},"34":{"start":{"line":82,"column":2},"end":{"line":85,"column":4}},"35":{"start":{"line":86,"column":2},"end":{"line":86,"column":47}},"36":{"start":{"line":88,"column":2},"end":{"line":88,"column":12}},"37":{"start":{"line":26,"column":0},"end":{"line":26,"column":16}}},"fnMap":{"0":{"name":"applyCommitSteps","decl":{"start":{"line":10,"column":9},"end":{"line":10,"column":25}},"loc":{"start":{"line":13,"column":18},"end":{"line":22,"column":1}}},"1":{"name":"receiveCommitTransaction","decl":{"start":{"line":26,"column":16},"end":{"line":26,"column":40}},"loc":{"start":{"line":28,"column":20},"end":{"line":89,"column":1}}},"2":{"name":"(anonymous_3)","decl":{"start":{"line":42,"column":55},"end":{"line":42,"column":58}},"loc":{"start":{"line":42,"column":60},"end":{"line":77,"column":3}}},"3":{"name":"(anonymous_4)","decl":{"start":{"line":47,"column":41},"end":{"line":47,"column":42}},"loc":{"start":{"line":47,"column":55},"end":{"line":47,"column":68}}},"4":{"name":"(anonymous_5)","decl":{"start":{"line":55,"column":73},"end":{"line":55,"column":76}},"loc":{"start":{"line":55,"column":78},"end":{"line":60,"column":9}}}},"branchMap":{"0":{"loc":{"start":{"line":43,"column":4},"end":{"line":76,"column":null}},"type":"if","locations":[{"start":{"line":43,"column":4},"end":{"line":76,"column":null}},{"start":{"line":43,"column":4},"end":{"line":76,"column":null}}]},"1":{"loc":{"start":{"line":44,"column":6},"end":{"line":71,"column":null}},"type":"if","locations":[{"start":{"line":44,"column":6},"end":{"line":71,"column":null}},{"start":{"line":44,"column":6},"end":{"line":71,"column":null}}]}},"s":{"0":2,"1":2,"2":2,"3":2,"4":3,"5":3,"6":3,"7":3,"8":3,"9":3,"10":2,"11":4,"12":4,"13":4,"14":4,"15":4,"16":4,"17":4,"18":4,"19":3,"20":1,"21":1,"22":1,"23":1,"24":2,"25":2,"26":2,"27":2,"28":2,"29":2,"30":1,"31":1,"32":4,"33":2,"34":4,"35":4,"36":4,"37":2},"f":{"0":3,"1":4,"2":4,"3":1,"4":2},"b":{"0":[3,1],"1":[1,2]}}
,"/Users/ben/Workspace/mintere/collab/client/src/received-commit-queue.ts": {"path":"/Users/ben/Workspace/mintere/collab/client/src/received-commit-queue.ts","statementMap":{"0":{"start":{"line":5,"column":10},"end":{"line":7,"column":9}},"1":{"start":{"line":13,"column":4},"end":{"line":13,"column":43}},"2":{"start":{"line":14,"column":4},"end":{"line":14,"column":29}},"3":{"start":{"line":18,"column":4},"end":{"line":18,"column":44}},"4":{"start":{"line":18,"column":37},"end":{"line":18,"column":44}},"5":{"start":{"line":20,"column":4},"end":{"line":31,"column":null}},"6":{"start":{"line":21,"column":6},"end":{"line":21,"column":25}},"7":{"start":{"line":22,"column":6},"end":{"line":22,"column":28}},"8":{"start":{"line":25,"column":6},"end":{"line":28,"column":null}},"9":{"start":{"line":26,"column":8},"end":{"line":26,"column":44}},"10":{"start":{"line":27,"column":8},"end":{"line":27,"column":25}},"11":{"start":{"line":30,"column":6},"end":{"line":30,"column":36}},"12":{"start":{"line":4,"column":0},"end":{"line":4,"column":21}}},"fnMap":{"0":{"name":"(anonymous_0)","decl":{"start":{"line":12,"column":2},"end":{"line":12,"column":14}},"loc":{"start":{"line":12,"column":68},"end":{"line":15,"column":3}}},"1":{"name":"(anonymous_1)","decl":{"start":{"line":17,"column":2},"end":{"line":17,"column":9}},"loc":{"start":{"line":17,"column":19},"end":{"line":32,"column":3}}}},"branchMap":{"0":{"loc":{"start":{"line":18,"column":4},"end":{"line":18,"column":44}},"type":"if","locations":[{"start":{"line":18,"column":4},"end":{"line":18,"column":44}},{"start":{"line":18,"column":4},"end":{"line":18,"column":44}}]},"1":{"loc":{"start":{"line":20,"column":4},"end":{"line":31,"column":null}},"type":"if","locations":[{"start":{"line":20,"column":4},"end":{"line":31,"column":null}},{"start":{"line":20,"column":4},"end":{"line":31,"column":null}}]}},"s":{"0":3,"1":3,"2":3,"3":22,"4":9,"5":13,"6":10,"7":10,"8":10,"9":3,"10":3,"11":3,"12":3},"f":{"0":3,"1":22},"b":{"0":[9,13],"1":[10,3]}}
,"/Users/ben/Workspace/mintere/collab/client/src/network-adapters/actioncable.ts": {"path":"/Users/ben/Workspace/mintere/collab/client/src/network-adapters/actioncable.ts","statementMap":{"0":{"start":{"line":19,"column":2},"end":{"line":33,"column":4}},"1":{"start":{"line":21,"column":6},"end":{"line":31,"column":9}},"2":{"start":{"line":22,"column":27},"end":{"line":29,"column":null}},"3":{"start":{"line":27,"column":12},"end":{"line":27,"column":28}},"4":{"start":{"line":15,"column":0},"end":{"line":15,"column":24}},"5":{"start":{"line":49,"column":4},"end":{"line":66,"column":7}},"6":{"start":{"line":53,"column":8},"end":{"line":53,"column":61}},"7":{"start":{"line":53,"column":36},"end":{"line":53,"column":61}},"8":{"start":{"line":55,"column":8},"end":{"line":55,"column":38}},"9":{"start":{"line":58,"column":8},"end":{"line":64,"column":null}},"10":{"start":{"line":59,"column":10},"end":{"line":60,"column":65}},"11":{"start":{"line":60,"column":12},"end":{"line":60,"column":65}},"12":{"start":{"line":61,"column":10},"end":{"line":61,"column":35}},"13":{"start":{"line":63,"column":10},"end":{"line":63,"column":43}},"14":{"start":{"line":70,"column":4},"end":{"line":70,"column":45}},"15":{"start":{"line":70,"column":32},"end":{"line":70,"column":45}},"16":{"start":{"line":72,"column":4},"end":{"line":79,"column":7}},"17":{"start":{"line":73,"column":6},"end":{"line":73,"column":35}},"18":{"start":{"line":74,"column":6},"end":{"line":74,"column":35}},"19":{"start":{"line":75,"column":6},"end":{"line":75,"column":43}},"20":{"start":{"line":77,"column":6},"end":{"line":77,"column":41}},"21":{"start":{"line":78,"column":6},"end":{"line":78,"column":41}},"22":{"start":{"line":83,"column":4},"end":{"line":83,"column":41}},"23":{"start":{"line":87,"column":4},"end":{"line":87,"column":31}}},"fnMap":{"0":{"name":"actionCableNetwork","decl":{"start":{"line":15,"column":24},"end":{"line":15,"column":42}},"loc":{"start":{"line":17,"column":36},"end":{"line":34,"column":1}}},"1":{"name":"(anonymous_1)","decl":{"start":{"line":20,"column":4},"end":{"line":20,"column":9}},"loc":{"start":{"line":20,"column":44},"end":{"line":32,"column":5}}},"2":{"name":"(anonymous_2)","decl":{"start":{"line":21,"column":25},"end":{"line":21,"column":26}},"loc":{"start":{"line":21,"column":38},"end":{"line":31,"column":7}}},"3":{"name":"(anonymous_3)","decl":{"start":{"line":26,"column":10},"end":{"line":26,"column":13}},"loc":{"start":{"line":26,"column":15},"end":{"line":28,"column":11}}},"4":{"name":"(anonymous_4)","decl":{"start":{"line":42,"column":2},"end":{"line":42,"column":null}},"loc":{"start":{"line":47,"column":24},"end":{"line":67,"column":3}}},"5":{"name":"(anonymous_5)","decl":{"start":{"line":52,"column":20},"end":{"line":52,"column":23}},"loc":{"start":{"line":52,"column":25},"end":{"line":56,"column":7}}},"6":{"name":"(anonymous_6)","decl":{"start":{"line":57,"column":16},"end":{"line":57,"column":17}},"loc":{"start":{"line":57,"column":57},"end":{"line":65,"column":7}}},"7":{"name":"(anonymous_7)","decl":{"start":{"line":69,"column":2},"end":{"line":69,"column":12}},"loc":{"start":{"line":69,"column":32},"end":{"line":80,"column":3}}},"8":{"name":"(anonymous_8)","decl":{"start":{"line":72,"column":29},"end":{"line":72,"column":30}},"loc":{"start":{"line":72,"column":42},"end":{"line":76,"column":5}}},"9":{"name":"(anonymous_9)","decl":{"start":{"line":76,"column":15},"end":{"line":76,"column":18}},"loc":{"start":{"line":76,"column":20},"end":{"line":79,"column":5}}},"10":{"name":"(anonymous_10)","decl":{"start":{"line":82,"column":2},"end":{"line":82,"column":8}},"loc":{"start":{"line":82,"column":25},"end":{"line":84,"column":3}}},"11":{"name":"(anonymous_11)","decl":{"start":{"line":86,"column":2},"end":{"line":86,"column":12}},"loc":{"start":{"line":86,"column":12},"end":{"line":88,"column":3}}}},"branchMap":{"0":{"loc":{"start":{"line":53,"column":8},"end":{"line":53,"column":61}},"type":"if","locations":[{"start":{"line":53,"column":8},"end":{"line":53,"column":61}},{"start":{"line":53,"column":8},"end":{"line":53,"column":61}}]},"1":{"loc":{"start":{"line":58,"column":8},"end":{"line":64,"column":null}},"type":"if","locations":[{"start":{"line":58,"column":8},"end":{"line":64,"column":null}},{"start":{"line":58,"column":8},"end":{"line":64,"column":null}}]},"2":{"loc":{"start":{"line":59,"column":10},"end":{"line":60,"column":65}},"type":"if","locations":[{"start":{"line":59,"column":10},"end":{"line":60,"column":65}},{"start":{"line":59,"column":10},"end":{"line":60,"column":65}}]},"3":{"loc":{"start":{"line":70,"column":4},"end":{"line":70,"column":45}},"type":"if","locations":[{"start":{"line":70,"column":4},"end":{"line":70,"column":45}},{"start":{"line":70,"column":4},"end":{"line":70,"column":45}}]}},"s":{"0":0,"1":0,"2":0,"3":0,"4":2,"5":0,"6":0,"7":0,"8":0,"9":0,"10":0,"11":0,"12":0,"13":0,"14":0,"15":0,"16":0,"17":0,"18":0,"19":0,"20":0,"21":0,"22":0,"23":0},"f":{"0":0,"1":0,"2":0,"3":0,"4":0,"5":0,"6":0,"7":0,"8":0,"9":0,"10":0,"11":0},"b":{"0":[0,0],"1":[0,0],"2":[0,0],"3":[0,0]}}
}
