TN:
SF:src/index.ts
FN:5,(anonymous_1)
FN:5,(anonymous_2)
FN:6,(anonymous_3)
FNF:3
FNH:0
FNDA:0,(anonymous_1)
FNDA:0,(anonymous_2)
FNDA:0,(anonymous_3)
DA:1,2
DA:2,2
DA:3,2
DA:5,2
DA:6,2
LF:5
LH:5
BRF:0
BRH:0
end_of_record
TN:
SF:src/inflight-commit.ts
FN:15,(anonymous_1)
FN:25,(anonymous_2)
FN:29,(anonymous_3)
FN:33,(anonymous_4)
FN:42,(anonymous_5)
FN:45,(anonymous_6)
FNF:6
FNH:6
FNDA:8,(anonymous_1)
FNDA:2,(anonymous_2)
FNDA:2,(anonymous_3)
FNDA:4,(anonymous_4)
FNDA:32,(anonymous_5)
FNDA:6,(anonymous_6)
DA:4,2
DA:5,2
DA:8,2
DA:10,2
DA:20,8
DA:21,8
DA:22,8
DA:26,2
DA:29,2
DA:34,4
DA:36,4
DA:37,0
DA:39,4
DA:42,32
DA:48,6
DA:51,6
DA:52,5
DA:54,4
DA:55,4
DA:57,4
DA:62,4
LF:21
LH:20
BRDA:18,0,0,4
BRDA:36,1,0,0
BRDA:36,1,1,4
BRDA:51,2,0,1
BRDA:51,2,1,5
BRDA:52,3,0,1
BRDA:52,3,1,4
BRF:7
BRH:6
end_of_record
TN:
SF:src/mapping.ts
FN:11,mapBackToSyncedVersion
FN:27,mappingFromVersion
FNF:2
FNH:0
FNDA:0,mapBackToSyncedVersion
FNDA:0,mappingFromVersion
DA:2,2
DA:5,2
DA:11,2
DA:15,0
DA:16,0
DA:18,0
DA:19,0
DA:21,0
DA:22,0
DA:23,0
DA:27,2
DA:31,0
DA:32,0
DA:34,0
DA:36,0
DA:38,0
DA:40,0
DA:41,0
DA:43,0
DA:45,0
LF:20
LH:4
BRDA:21,0,0,0
BRDA:21,0,1,0
BRDA:34,1,0,0
BRDA:34,1,1,0
BRF:4
BRH:0
end_of_record
TN:
SF:src/network.ts
FN:77,(anonymous_1)
FN:89,(anonymous_2)
FN:68,(anonymous_3)
FN:99,(anonymous_4)
FN:104,(anonymous_5)
FN:119,(anonymous_6)
FN:129,(anonymous_7)
FN:133,(anonymous_8)
FN:134,(anonymous_9)
FN:147,(anonymous_10)
FN:151,(anonymous_11)
FN:161,(anonymous_12)
FN:163,(anonymous_13)
FNF:13
FNH:0
FNDA:0,(anonymous_1)
FNDA:0,(anonymous_2)
FNDA:0,(anonymous_3)
FNDA:0,(anonymous_4)
FNDA:0,(anonymous_5)
FNDA:0,(anonymous_6)
FNDA:0,(anonymous_7)
FNDA:0,(anonymous_8)
FNDA:0,(anonymous_9)
FNDA:0,(anonymous_10)
FNDA:0,(anonymous_11)
FNDA:0,(anonymous_12)
FNDA:0,(anonymous_13)
DA:1,2
DA:56,2
DA:57,0
DA:71,0
DA:86,0
DA:87,0
DA:89,0
DA:90,0
DA:93,0
DA:95,0
DA:96,0
DA:100,0
DA:101,0
DA:105,0
DA:106,0
DA:107,0
DA:109,0
DA:110,0
DA:119,0
DA:123,0
DA:127,0
DA:130,0
DA:131,0
DA:133,0
DA:134,0
DA:135,0
DA:137,0
DA:138,0
DA:140,0
DA:145,0
DA:148,0
DA:149,0
DA:151,0
DA:152,0
DA:154,0
DA:156,0
DA:157,0
DA:162,0
DA:163,0
LF:39
LH:2
BRDA:106,0,0,0
BRDA:106,0,1,0
BRDA:106,1,0,0
BRDA:106,1,1,0
BRDA:112,2,0,0
BRDA:112,2,1,0
BRDA:113,3,0,0
BRDA:113,3,1,0
BRDA:130,4,0,0
BRDA:130,4,1,0
BRDA:138,5,0,0
BRDA:138,5,1,0
BRDA:138,6,0,0
BRDA:138,6,1,0
BRDA:138,7,0,0
BRDA:138,7,1,0
BRDA:148,8,0,0
BRDA:148,8,1,0
BRDA:154,9,0,0
BRDA:154,9,1,0
BRDA:157,10,0,0
BRDA:157,10,1,0
BRDA:163,11,0,0
BRDA:163,11,1,0
BRDA:163,12,0,0
BRDA:163,12,1,0
BRF:26
BRH:0
end_of_record
TN:
SF:src/plugin-key.ts
FNF:0
FNH:0
DA:1,2
DA:2,2
DA:3,2
LF:3
LH:3
BRF:0
BRH:0
end_of_record
TN:
SF:src/plugin.ts
FN:12,isSynced
FN:55,(anonymous_1)
FN:59,(anonymous_2)
FN:67,(anonymous_3)
FN:87,(anonymous_4)
FN:93,(anonymous_5)
FN:97,(anonymous_6)
FN:101,(anonymous_7)
FN:125,(anonymous_8)
FN:134,(anonymous_9)
FN:138,(anonymous_10)
FN:148,railsCollab
FNF:12
FNH:4
FNDA:0,isSynced
FNDA:2,(anonymous_1)
FNDA:2,(anonymous_2)
FNDA:6,(anonymous_3)
FNDA:0,(anonymous_4)
FNDA:0,(anonymous_5)
FNDA:0,(anonymous_6)
FNDA:0,(anonymous_7)
FNDA:0,(anonymous_8)
FNDA:0,(anonymous_9)
FNDA:0,(anonymous_10)
FNDA:2,railsCollab
DA:2,2
DA:4,2
DA:5,2
DA:6,2
DA:7,2
DA:8,2
DA:9,2
DA:10,2
DA:12,2
DA:13,0
DA:56,2
DA:59,2
DA:68,6
DA:69,6
DA:70,6
DA:72,6
DA:73,6
DA:74,6
DA:75,6
DA:81,6
DA:82,0
DA:84,6
DA:88,0
DA:94,0
DA:95,0
DA:98,0
DA:99,0
DA:102,0
DA:103,0
DA:108,0
DA:109,0
DA:110,0
DA:125,0
DA:126,0
DA:127,0
DA:128,0
DA:129,0
DA:133,0
DA:135,0
DA:136,0
DA:139,0
DA:148,2
DA:152,2
LF:43
LH:22
BRDA:14,0,0,0
BRDA:14,0,1,0
BRDA:69,1,0,6
BRDA:69,1,1,0
BRDA:72,2,0,6
BRDA:72,2,1,0
BRDA:81,3,0,0
BRDA:81,3,1,6
BRDA:81,4,0,6
BRDA:81,4,1,0
BRDA:99,5,0,0
BRDA:99,5,1,0
BRDA:108,6,0,0
BRDA:108,6,1,0
BRDA:120,7,0,0
BRDA:120,7,1,0
BRDA:121,8,0,0
BRDA:121,8,1,0
BRDA:128,9,0,0
BRDA:128,9,1,0
BRF:20
BRH:4
end_of_record
TN:
SF:src/rebaseable.ts
FN:9,(anonymous_0)
FN:14,(anonymous_1)
FN:19,(anonymous_2)
FN:32,rebaseSteps
FN:53,(anonymous_4)
FN:70,transformToRebaseable
FN:72,(anonymous_6)
FN:76,compactRebaseable
FNF:8
FNH:8
FNDA:17,(anonymous_0)
FNDA:4,(anonymous_1)
FNDA:4,(anonymous_2)
FNDA:6,rebaseSteps
FNDA:4,(anonymous_4)
FNDA:6,transformToRebaseable
FNDA:8,(anonymous_6)
FNDA:4,compactRebaseable
DA:5,2
DA:10,17
DA:11,17
DA:15,4
DA:19,4
DA:32,2
DA:38,6
DA:39,6
DA:40,0
DA:43,6
DA:46,6
DA:48,6
DA:50,6
DA:52,6
DA:54,4
DA:55,4
DA:56,4
DA:58,4
DA:60,4
DA:61,4
DA:63,4
DA:65,4
DA:70,2
DA:71,6
DA:72,8
DA:76,2
DA:79,4
DA:80,4
DA:82,4
DA:83,4
DA:84,1
DA:86,1
DA:88,1
DA:89,1
DA:91,0
DA:95,4
LF:36
LH:34
BRDA:38,0,0,6
BRDA:38,0,1,5
BRDA:39,1,0,0
BRDA:39,1,1,6
BRDA:61,2,0,0
BRDA:61,2,1,4
BRDA:61,3,0,4
BRDA:61,3,1,4
BRDA:80,4,0,0
BRDA:80,4,1,4
BRDA:88,5,0,1
BRDA:88,5,1,0
BRF:12
BRH:8
end_of_record
TN:
SF:src/receive-commit.ts
FN:10,applyCommitSteps
FN:26,receiveCommitTransaction
FN:42,(anonymous_3)
FN:47,(anonymous_4)
FN:55,(anonymous_5)
FNF:5
FNH:5
FNDA:3,applyCommitSteps
FNDA:4,receiveCommitTransaction
FNDA:4,(anonymous_3)
FNDA:1,(anonymous_4)
FNDA:2,(anonymous_5)
DA:3,2
DA:6,2
DA:7,2
DA:8,2
DA:15,3
DA:16,3
DA:17,3
DA:18,3
DA:19,3
DA:21,3
DA:24,2
DA:26,2
DA:30,4
DA:31,4
DA:33,4
DA:34,4
DA:36,4
DA:40,4
DA:42,4
DA:43,4
DA:44,3
DA:46,1
DA:47,1
DA:50,1
DA:52,1
DA:55,2
DA:57,2
DA:59,2
DA:63,2
DA:64,2
DA:66,2
DA:74,1
DA:75,1
DA:79,4
DA:80,2
DA:82,4
DA:86,4
DA:88,4
LF:38
LH:38
BRDA:43,0,0,3
BRDA:43,0,1,1
BRDA:44,1,0,1
BRDA:44,1,1,2
BRF:4
BRH:4
end_of_record
TN:
SF:src/received-commit-queue.ts
FN:12,(anonymous_0)
FN:17,(anonymous_1)
FNF:2
FNH:2
FNDA:3,(anonymous_0)
FNDA:22,(anonymous_1)
DA:4,3
DA:5,3
DA:13,3
DA:14,3
DA:18,22
DA:20,13
DA:21,10
DA:22,10
DA:25,10
DA:26,3
DA:27,3
DA:30,3
LF:12
LH:12
BRDA:18,0,0,9
BRDA:18,0,1,13
BRDA:20,1,0,10
BRDA:20,1,1,3
BRF:4
BRH:4
end_of_record
TN:
SF:src/network-adapters/actioncable.ts
FN:15,actionCableNetwork
FN:20,(anonymous_1)
FN:21,(anonymous_2)
FN:26,(anonymous_3)
FN:42,(anonymous_4)
FN:52,(anonymous_5)
FN:57,(anonymous_6)
FN:69,(anonymous_7)
FN:72,(anonymous_8)
FN:76,(anonymous_9)
FN:82,(anonymous_10)
FN:86,(anonymous_11)
FNF:12
FNH:0
FNDA:0,actionCableNetwork
FNDA:0,(anonymous_1)
FNDA:0,(anonymous_2)
FNDA:0,(anonymous_3)
FNDA:0,(anonymous_4)
FNDA:0,(anonymous_5)
FNDA:0,(anonymous_6)
FNDA:0,(anonymous_7)
FNDA:0,(anonymous_8)
FNDA:0,(anonymous_9)
FNDA:0,(anonymous_10)
FNDA:0,(anonymous_11)
DA:15,2
DA:19,0
DA:21,0
DA:22,0
DA:27,0
DA:49,0
DA:53,0
DA:55,0
DA:58,0
DA:59,0
DA:60,0
DA:61,0
DA:63,0
DA:70,0
DA:72,0
DA:73,0
DA:74,0
DA:75,0
DA:77,0
DA:78,0
DA:83,0
DA:87,0
LF:22
LH:1
BRDA:53,0,0,0
BRDA:53,0,1,0
BRDA:58,1,0,0
BRDA:58,1,1,0
BRDA:59,2,0,0
BRDA:59,2,1,0
BRDA:70,3,0,0
BRDA:70,3,1,0
BRF:8
BRH:0
end_of_record
